Using pre-set license
Built from '2022.1/staging' branch; Version is '2022.1.16f1 (7321c9670bc2) revision 7545289'; Using compiler version '192829333'; Build Type 'Release'
OS: 'Windows 10  (10.0.19045) 64bit Education' Language: 'en' Physical Memory: 16319 MB
BatchMode: 1, IsHumanControllingUs: 0, StartBugReporterOnCrash: 0, Is64bit: 1, IsPro: 1

COMMAND LINE ARGUMENTS:
C:\Program Files\Unity\Hub\Editor\2022.1.16f1\Editor\Unity.exe
-adb2
-batchMode
-noUpm
-name
AssetImportWorker1
-projectPath
C:/Users/528578/3d project
-logFile
Logs/AssetImportWorker1.log
-srvPort
59629
Successfully changed project path to: C:/Users/528578/3d project
C:/Users/528578/3d project
[UnityMemory] Configuration Parameters - Can be set up in boot.config
    "memorysetup-bucket-allocator-granularity=16"
    "memorysetup-bucket-allocator-bucket-count=8"
    "memorysetup-bucket-allocator-block-size=33554432"
    "memorysetup-bucket-allocator-block-count=8"
    "memorysetup-main-allocator-block-size=16777216"
    "memorysetup-thread-allocator-block-size=16777216"
    "memorysetup-gfx-main-allocator-block-size=16777216"
    "memorysetup-gfx-thread-allocator-block-size=16777216"
    "memorysetup-cache-allocator-block-size=4194304"
    "memorysetup-typetree-allocator-block-size=2097152"
    "memorysetup-profiler-bucket-allocator-granularity=16"
    "memorysetup-profiler-bucket-allocator-bucket-count=8"
    "memorysetup-profiler-bucket-allocator-block-size=33554432"
    "memorysetup-profiler-bucket-allocator-block-count=8"
    "memorysetup-profiler-allocator-block-size=16777216"
    "memorysetup-profiler-editor-allocator-block-size=1048576"
    "memorysetup-temp-allocator-size-main=16777216"
    "memorysetup-job-temp-allocator-block-size=2097152"
    "memorysetup-job-temp-allocator-block-size-background=1048576"
    "memorysetup-job-temp-allocator-reduction-small-platforms=262144"
    "memorysetup-temp-allocator-size-background-worker=32768"
    "memorysetup-temp-allocator-size-job-worker=262144"
    "memorysetup-temp-allocator-size-preload-manager=33554432"
    "memorysetup-temp-allocator-size-nav-mesh-worker=65536"
    "memorysetup-temp-allocator-size-audio-worker=65536"
    "memorysetup-temp-allocator-size-cloud-worker=32768"
    "memorysetup-temp-allocator-size-gi-baking-worker=262144"
    "memorysetup-temp-allocator-size-gfx=262144"
Refreshing native plugins compatible for Editor in 120.19 ms, found 3 plugins.
Preloading 0 native plugins for Editor in 0.00 ms.
Initialize engine version: 2022.1.16f1 (7321c9670bc2)
[Subsystems] Discovering subsystems at path C:/Program Files/Unity/Hub/Editor/2022.1.16f1/Editor/Data/Resources/UnitySubsystems
[Subsystems] Discovering subsystems at path C:/Users/528578/3d project/Assets
GfxDevice: creating device client; threaded=0; jobified=0
Direct3D:
    Version:  Direct3D 11.0 [level 11.1]
    Renderer: NVIDIA GeForce GTX 1650 (ID=0x1f82)
    Vendor:   NVIDIA
    VRAM:     3949 MB
    Driver:   31.0.15.3623
Initialize mono
Mono path[0] = 'C:/Program Files/Unity/Hub/Editor/2022.1.16f1/Editor/Data/Managed'
Mono path[1] = 'C:/Program Files/Unity/Hub/Editor/2022.1.16f1/Editor/Data/MonoBleedingEdge/lib/mono/unityjit-win32'
Mono config path = 'C:/Program Files/Unity/Hub/Editor/2022.1.16f1/Editor/Data/MonoBleedingEdge/etc'
Using monoOptions --debugger-agent=transport=dt_socket,embedding=1,server=y,suspend=n,address=127.0.0.1:56684
Begin MonoManager ReloadAssembly
Registering precompiled unity dll's ...
Register platform support module: C:/Program Files/Unity/Hub/Editor/2022.1.16f1/Editor/Data/PlaybackEngines/WebGLSupport/UnityEditor.WebGL.Extensions.dll
Register platform support module: C:/Program Files/Unity/Hub/Editor/2022.1.16f1/Editor/Data/PlaybackEngines/MacStandaloneSupport/UnityEditor.OSXStandalone.Extensions.dll
Register platform support module: C:/Program Files/Unity/Hub/Editor/2022.1.16f1/Editor/Data/PlaybackEngines/AndroidPlayer/UnityEditor.Android.Extensions.dll
Register platform support module: C:/Program Files/Unity/Hub/Editor/2022.1.16f1/Editor/Data/PlaybackEngines/iOSSupport/UnityEditor.iOS.Extensions.dll
Register platform support module: C:/Program Files/Unity/Hub/Editor/2022.1.16f1/Editor/Data/PlaybackEngines/AppleTVSupport/UnityEditor.AppleTV.Extensions.dll
Register platform support module: C:/Program Files/Unity/Hub/Editor/2022.1.16f1/Editor/Data/PlaybackEngines/WindowsStandaloneSupport/UnityEditor.WindowsStandalone.Extensions.dll
Register platform support module: C:/Program Files/Unity/Hub/Editor/2022.1.16f1/Editor/Data/PlaybackEngines/LinuxStandaloneSupport/UnityEditor.LinuxStandalone.Extensions.dll
Register platform support module: C:/Program Files/Unity/Hub/Editor/2022.1.16f1/Editor/Data/PlaybackEngines/MetroSupport/UnityEditor.UWP.Extensions.dll
Registered in 0.042453 seconds.
Native extension for UWP target not found
Native extension for LinuxStandalone target not found
Native extension for WindowsStandalone target not found
[usbmuxd] Start listen thread
[usbmuxd] Listen thread started
Native extension for AppleTV target not found
[usbmuxd] Start listen thread
[usbmuxd] Listen thread started
Native extension for iOS target not found
Native extension for Android target not found
Native extension for OSXStandalone target not found
Native extension for WebGL target not found
Refreshing native plugins compatible for Editor in 92.00 ms, found 3 plugins.
Preloading 0 native plugins for Editor in 0.00 ms.
Mono: successfully reloaded assembly
- Completed reload, in  1.086 seconds
Domain Reload Profiling:
	ReloadAssembly (1087ms)
		BeginReloadAssembly (151ms)
			ExecutionOrderSort (0ms)
			DisableScriptedObjects (0ms)
			BackupInstance (0ms)
			ReleaseScriptingObjects (0ms)
			CreateAndSetChildDomain (1ms)
		EndReloadAssembly (713ms)
			LoadAssemblies (147ms)
			RebuildTransferFunctionScriptingTraits (0ms)
			SetupTypeCache (170ms)
				TypeCache.Initialize (170ms)
					TypeCache.ScanAssembly (168ms)
				ResolveRequiredComponents (1ms)
			ReleaseScriptCaches (0ms)
			RebuildScriptCaches (34ms)
			SetupLoadedEditorAssemblies (418ms)
				LogAssemblyErrors (0ms)
				InitializePlatformSupportModulesInManaged (112ms)
				SetLoadedEditorAssemblies (8ms)
				RefreshPlugins (92ms)
				BeforeProcessingInitializeOnLoad (2ms)
				ProcessInitializeOnLoadAttributes (145ms)
				ProcessInitializeOnLoadMethodAttributes (60ms)
				AfterProcessingInitializeOnLoad (0ms)
				EditorAssembliesLoaded (0ms)
			ExecutionOrderSort2 (0ms)
			AwakeInstancesAfterBackupRestoration (0ms)
Platform modules already initialized, skipping
Registering precompiled user dll's ...
Registered in 0.016224 seconds.
Begin MonoManager ReloadAssembly
Symbol file LoadedFromMemory doesn't match image C:\Users\528578\3d project\Library\PackageCache\com.unity.visualscripting@1.7.8\Editor\VisualScripting.Core\Dependencies\YamlDotNet\Unity.VisualScripting.YamlDotNet.dll
Symbol file LoadedFromMemory doesn't match image C:\Users\528578\3d project\Library\PackageCache\com.unity.visualscripting@1.7.8\Editor\VisualScripting.Core\Dependencies\DotNetZip\Unity.VisualScripting.IonicZip.dll
Native extension for UWP target not found
Native extension for LinuxStandalone target not found
Native extension for WindowsStandalone target not found
Native extension for AppleTV target not found
Native extension for iOS target not found
Native extension for Android target not found
Native extension for OSXStandalone target not found
Native extension for WebGL target not found
Refreshing native plugins compatible for Editor in 0.65 ms, found 3 plugins.
Preloading 0 native plugins for Editor in 0.00 ms.
Mono: successfully reloaded assembly
- Completed reload, in  1.580 seconds
Domain Reload Profiling:
	ReloadAssembly (1581ms)
		BeginReloadAssembly (192ms)
			ExecutionOrderSort (0ms)
			DisableScriptedObjects (7ms)
			BackupInstance (0ms)
			ReleaseScriptingObjects (0ms)
			CreateAndSetChildDomain (25ms)
		EndReloadAssembly (1213ms)
			LoadAssemblies (157ms)
			RebuildTransferFunctionScriptingTraits (0ms)
			SetupTypeCache (342ms)
				TypeCache.Initialize (334ms)
					TypeCache.ScanAssembly (330ms)
				ResolveRequiredComponents (8ms)
			ReleaseScriptCaches (1ms)
			RebuildScriptCaches (65ms)
			SetupLoadedEditorAssemblies (612ms)
				LogAssemblyErrors (0ms)
				InitializePlatformSupportModulesInManaged (68ms)
				SetLoadedEditorAssemblies (7ms)
				RefreshPlugins (1ms)
				BeforeProcessingInitializeOnLoad (137ms)
				ProcessInitializeOnLoadAttributes (330ms)
				ProcessInitializeOnLoadMethodAttributes (39ms)
				AfterProcessingInitializeOnLoad (30ms)
				EditorAssembliesLoaded (0ms)
			ExecutionOrderSort2 (0ms)
			AwakeInstancesAfterBackupRestoration (9ms)
Platform modules already initialized, skipping
========================================================================
Worker process is ready to serve import requests
Launched and connected shader compiler UnityShaderCompiler.exe after 0.08 seconds
Refreshing native plugins compatible for Editor in 0.90 ms, found 3 plugins.
Preloading 0 native plugins for Editor in 0.00 ms.
Unloading 3601 Unused Serialized files (Serialized files now loaded: 0)
Unloading 39 unused Assets / (131.6 KB). Loaded Objects now: 4081.
Memory consumption went from 0.55 GB to 0.55 GB.
Total: 4.282600 ms (FindLiveObjects: 0.345600 ms CreateObjectMapping: 0.219000 ms MarkObjects: 3.591300 ms  DeleteObjects: 0.125400 ms)

AssetImportParameters requested are different than current active one (requested -> active):
  custom:video-decoder-ogg-theora: a1e56fd34408186e4bbccfd4996cb3dc -> 
  custom:container-muxer-webm: aa71ff27fc2769a1b78a27578f13a17b -> 
  custom:container-demuxer-webm: 4f35f7cbe854078d1ac9338744f61a02 -> 
  custom:video-encoder-webm-vp8: eb34c28f22e8b96e1ab97ce403110664 -> 
  custom:audio-encoder-webm-vorbis: bf7c407c2cedff20999df2af8eb42d56 -> 
  custom:framework-win-MediaFoundation: 216162199b28c13a410421893ffa2e32 -> 
  custom:container-demuxer-ogg: 62fdf1f143b41e24485cea50d1cbac27 -> 
  custom:video-decoder-webm-vp8: 9c59270c3fd7afecdb556c50c9e8de78 -> 
  custom:audio-decoder-ogg-vorbis: bf7c407c2cedff20999df2af8eb42d56 -> 
========================================================================
Received Import Request.
  Time since last request: 286915.883801 seconds.
  path: Assets/Scenes
  artifactKey: Guid(ead6ec5a9156ff04a888315f2b029f5d) Importer(815301076,1909f56bfc062723c751e8b465ee728b)
Start importing Assets/Scenes using Guid(ead6ec5a9156ff04a888315f2b029f5d) Importer(815301076,1909f56bfc062723c751e8b465ee728b)  -> (artifact id: '4facd48122220c1a6170fb61d200cac1') in 0.016987 seconds 
========================================================================
Received Prepare
Registering precompiled user dll's ...
Registered in 0.012093 seconds.
Begin MonoManager ReloadAssembly
Symbol file LoadedFromMemory doesn't match image C:\Users\528578\3d project\Library\PackageCache\com.unity.visualscripting@1.7.8\Editor\VisualScripting.Core\Dependencies\YamlDotNet\Unity.VisualScripting.YamlDotNet.dll
Symbol file LoadedFromMemory doesn't match image C:\Users\528578\3d project\Library\PackageCache\com.unity.visualscripting@1.7.8\Editor\VisualScripting.Core\Dependencies\DotNetZip\Unity.VisualScripting.IonicZip.dll
Native extension for UWP target not found
Native extension for LinuxStandalone target not found
Native extension for WindowsStandalone target not found
Native extension for AppleTV target not found
Native extension for iOS target not found
Native extension for Android target not found
Native extension for OSXStandalone target not found
Native extension for WebGL target not found
Refreshing native plugins compatible for Editor in 0.99 ms, found 3 plugins.
Preloading 0 native plugins for Editor in 0.00 ms.
Mono: successfully reloaded assembly
- Completed reload, in  1.645 seconds
Domain Reload Profiling:
	ReloadAssembly (1646ms)
		BeginReloadAssembly (221ms)
			ExecutionOrderSort (0ms)
			DisableScriptedObjects (7ms)
			BackupInstance (0ms)
			ReleaseScriptingObjects (0ms)
			CreateAndSetChildDomain (43ms)
		EndReloadAssembly (1263ms)
			LoadAssemblies (178ms)
			RebuildTransferFunctionScriptingTraits (0ms)
			SetupTypeCache (374ms)
				TypeCache.Initialize (367ms)
					TypeCache.ScanAssembly (360ms)
				ResolveRequiredComponents (7ms)
			ReleaseScriptCaches (2ms)
			RebuildScriptCaches (63ms)
			SetupLoadedEditorAssemblies (620ms)
				LogAssemblyErrors (0ms)
				InitializePlatformSupportModulesInManaged (83ms)
				SetLoadedEditorAssemblies (9ms)
				RefreshPlugins (1ms)
				BeforeProcessingInitializeOnLoad (106ms)
				ProcessInitializeOnLoadAttributes (349ms)
				ProcessInitializeOnLoadMethodAttributes (41ms)
				AfterProcessingInitializeOnLoad (31ms)
				EditorAssembliesLoaded (0ms)
			ExecutionOrderSort2 (0ms)
			AwakeInstancesAfterBackupRestoration (7ms)
Platform modules already initialized, skipping
Refreshing native plugins compatible for Editor in 3.94 ms, found 3 plugins.
Preloading 0 native plugins for Editor in 0.00 ms.
Unloading 3593 Unused Serialized files (Serialized files now loaded: 0)
Unloading 20 unused Assets / (96.1 KB). Loaded Objects now: 4097.
Memory consumption went from 0.55 GB to 0.55 GB.
Total: 3.891400 ms (FindLiveObjects: 0.296800 ms CreateObjectMapping: 0.093700 ms MarkObjects: 3.449000 ms  DeleteObjects: 0.050600 ms)

AssetImportParameters requested are different than current active one (requested -> active):
  custom:video-decoder-ogg-theora: a1e56fd34408186e4bbccfd4996cb3dc -> 
  custom:container-muxer-webm: aa71ff27fc2769a1b78a27578f13a17b -> 
  custom:container-demuxer-webm: 4f35f7cbe854078d1ac9338744f61a02 -> 
  custom:video-encoder-webm-vp8: eb34c28f22e8b96e1ab97ce403110664 -> 
  custom:audio-encoder-webm-vorbis: bf7c407c2cedff20999df2af8eb42d56 -> 
  custom:framework-win-MediaFoundation: 216162199b28c13a410421893ffa2e32 -> 
  custom:container-demuxer-ogg: 62fdf1f143b41e24485cea50d1cbac27 -> 
  custom:video-decoder-webm-vp8: 9c59270c3fd7afecdb556c50c9e8de78 -> 
  custom:audio-decoder-ogg-vorbis: bf7c407c2cedff20999df2af8eb42d56 -> 
========================================================================
Received Import Request.
  Time since last request: 1019.444630 seconds.
  path: Assets/UnityTechnologies/Adam Character Pack/Adam/Materials/Adam_Torso_metal.mat
  artifactKey: Guid(e10fef699645e904ca433c0ee0db622e) Importer(815301076,1909f56bfc062723c751e8b465ee728b)
Start importing Assets/UnityTechnologies/Adam Character Pack/Adam/Materials/Adam_Torso_metal.mat using Guid(e10fef699645e904ca433c0ee0db622e) Importer(815301076,1909f56bfc062723c751e8b465ee728b)  -> (artifact id: 'c205b33e4cc06033e37a8b4b747c9a16') in 0.610305 seconds 
========================================================================
Received Import Request.
  Time since last request: 0.000029 seconds.
  path: Assets/UnityTechnologies/Adam Character Pack/Adam/Adam.FBX
  artifactKey: Guid(f12f2d44b2688054986e54861cc211dc) Importer(815301076,1909f56bfc062723c751e8b465ee728b)
Start importing Assets/UnityTechnologies/Adam Character Pack/Adam/Adam.FBX using Guid(f12f2d44b2688054986e54861cc211dc) Importer(815301076,1909f56bfc062723c751e8b465ee728b)  -> (artifact id: '0468ac32bcf02bbdf3b1652ccd65eafc') in 1.626580 seconds 
========================================================================
Received Import Request.
  Time since last request: 0.000045 seconds.
  path: Assets/UnityTechnologies/Adam Character Pack/Adam/Materials/Adam_head_metal.mat
  artifactKey: Guid(be8c2ba600474ea43bb7a56334cc9810) Importer(815301076,1909f56bfc062723c751e8b465ee728b)
Start importing Assets/UnityTechnologies/Adam Character Pack/Adam/Materials/Adam_head_metal.mat using Guid(be8c2ba600474ea43bb7a56334cc9810) Importer(815301076,1909f56bfc062723c751e8b465ee728b)  -> (artifact id: '056467a59b818d48b58a62c62a329922') in 0.074777 seconds 
========================================================================
Received Import Request.
  Time since last request: 0.000030 seconds.
  path: Assets/UnityTechnologies/Adam Character Pack/Adam/Textures/Adam_Head_n.tif
  artifactKey: Guid(69aa1aaa228b75f4b96ffe3ca4eec733) Importer(815301076,1909f56bfc062723c751e8b465ee728b)
Start importing Assets/UnityTechnologies/Adam Character Pack/Adam/Textures/Adam_Head_n.tif using Guid(69aa1aaa228b75f4b96ffe3ca4eec733) Importer(815301076,1909f56bfc062723c751e8b465ee728b)  -> (artifact id: 'f8e70588746f17b256067d9ae7dc3ea0') in 0.063802 seconds 
========================================================================
Received Import Request.
  Time since last request: 0.000039 seconds.
  path: Assets/UnityTechnologies/Adam Character Pack/Adam/Textures/Adam_BloodyHeadBracket_smeared_SG.tif
  artifactKey: Guid(40c73e2dd4a0dd9408b43aa8dcaf6fe0) Importer(815301076,1909f56bfc062723c751e8b465ee728b)
Start importing Assets/UnityTechnologies/Adam Character Pack/Adam/Textures/Adam_BloodyHeadBracket_smeared_SG.tif using Guid(40c73e2dd4a0dd9408b43aa8dcaf6fe0) Importer(815301076,1909f56bfc062723c751e8b465ee728b)  -> (artifact id: '3a701764be8655e7404f540e9e2054c4') in 0.029378 seconds 
========================================================================
Received Import Request.
  Time since last request: 0.000037 seconds.
  path: Assets/UnityTechnologies/Adam Character Pack/Adam/Textures/Adam_Arms_a.tif
  artifactKey: Guid(22f1a8de2f2bf5140a694d6ca361acf9) Importer(815301076,1909f56bfc062723c751e8b465ee728b)
Start importing Assets/UnityTechnologies/Adam Character Pack/Adam/Textures/Adam_Arms_a.tif using Guid(22f1a8de2f2bf5140a694d6ca361acf9) Importer(815301076,1909f56bfc062723c751e8b465ee728b)  -> (artifact id: '44f19fd0dd6c7961c6a11219c9c26147') in 0.043260 seconds 
========================================================================
Received Import Request.
  Time since last request: 0.000033 seconds.
  path: Assets/UnityTechnologies/Adam Character Pack/Adam/Materials/Adam_Legs_metal.mat
  artifactKey: Guid(3f8dc43440d71734daeee13d5b4e8031) Importer(815301076,1909f56bfc062723c751e8b465ee728b)
Start importing Assets/UnityTechnologies/Adam Character Pack/Adam/Materials/Adam_Legs_metal.mat using Guid(3f8dc43440d71734daeee13d5b4e8031) Importer(815301076,1909f56bfc062723c751e8b465ee728b)  -> (artifact id: '4084015cdbc493d75b600ebca3ac9c2e') in 0.075505 seconds 
========================================================================
Received Import Request.
  Time since last request: 0.000046 seconds.
  path: Assets/UnityTechnologies/Adam Character Pack/Adam/Materials/Crowd_LOD1.mat
  artifactKey: Guid(cd1957637749ad24c981792e0dfe4218) Importer(815301076,1909f56bfc062723c751e8b465ee728b)
Start importing Assets/UnityTechnologies/Adam Character Pack/Adam/Materials/Crowd_LOD1.mat using Guid(cd1957637749ad24c981792e0dfe4218) Importer(815301076,1909f56bfc062723c751e8b465ee728b)  -> (artifact id: '0602e8ddd8af314127d5b2b7aabaab02') in 0.038809 seconds 
========================================================================
Received Import Request.
  Time since last request: 0.000037 seconds.
  path: Assets/UnityTechnologies/Adam Character Pack/Adam/Materials/Adam_LOD_03.mat
  artifactKey: Guid(8140c33578cb9d74fa1b9b0c2017d196) Importer(815301076,1909f56bfc062723c751e8b465ee728b)
Start importing Assets/UnityTechnologies/Adam Character Pack/Adam/Materials/Adam_LOD_03.mat using Guid(8140c33578cb9d74fa1b9b0c2017d196) Importer(815301076,1909f56bfc062723c751e8b465ee728b)  -> (artifact id: '02edd30bcbf4f639564d7928fec5cc9d') in 0.027100 seconds 
========================================================================
Received Import Request.
  Time since last request: 0.000027 seconds.
  path: Assets/UnityTechnologies/Adam Character Pack/Adam/Materials/15 - Default.mat
  artifactKey: Guid(c4a1a724d4f406545875e3d2282e9685) Importer(815301076,1909f56bfc062723c751e8b465ee728b)
Start importing Assets/UnityTechnologies/Adam Character Pack/Adam/Materials/15 - Default.mat using Guid(c4a1a724d4f406545875e3d2282e9685) Importer(815301076,1909f56bfc062723c751e8b465ee728b)  -> (artifact id: '07e7b71698c425e91347a22b97bab720') in 0.024652 seconds 
========================================================================
Received Import Request.
  Time since last request: 0.000025 seconds.
  path: Assets/UnityTechnologies/Adam Character Pack/Adam/Materials/Adam_LOD.mat
  artifactKey: Guid(78f9aaf75359f204b935fd1760f692dc) Importer(815301076,1909f56bfc062723c751e8b465ee728b)
Start importing Assets/UnityTechnologies/Adam Character Pack/Adam/Materials/Adam_LOD.mat using Guid(78f9aaf75359f204b935fd1760f692dc) Importer(815301076,1909f56bfc062723c751e8b465ee728b)  -> (artifact id: 'c845558b8af8a1880bab63a939830842') in 0.022666 seconds 
========================================================================
Received Import Request.
  Time since last request: 0.000023 seconds.
  path: Assets/UnityTechnologies/Adam Character Pack/Adam/Materials/Crowd_LOD0_Mat_Torso.mat
  artifactKey: Guid(7f1f06327a0d1644cb678671e576bd00) Importer(815301076,1909f56bfc062723c751e8b465ee728b)
Start importing Assets/UnityTechnologies/Adam Character Pack/Adam/Materials/Crowd_LOD0_Mat_Torso.mat using Guid(7f1f06327a0d1644cb678671e576bd00) Importer(815301076,1909f56bfc062723c751e8b465ee728b)  -> (artifact id: '473724020118b1461a8077da56a71ab6') in 0.039056 seconds 
========================================================================
Received Import Request.
  Time since last request: 0.000032 seconds.
  path: Assets/UnityTechnologies/Adam Character Pack/Adam/Materials/Adam_Legs_rubber.mat
  artifactKey: Guid(26b017e8a17fe904cb2a5b5c1d39bdf8) Importer(815301076,1909f56bfc062723c751e8b465ee728b)
Start importing Assets/UnityTechnologies/Adam Character Pack/Adam/Materials/Adam_Legs_rubber.mat using Guid(26b017e8a17fe904cb2a5b5c1d39bdf8) Importer(815301076,1909f56bfc062723c751e8b465ee728b)  -> (artifact id: '41a5efb5532ec2cfafa3217b72a38a62') in 0.079073 seconds 
========================================================================
Received Import Request.
  Time since last request: 0.000034 seconds.
  path: Assets/UnityTechnologies/Adam Character Pack/Adam/Materials/Adam_mask_smashed-exterior.mat
  artifactKey: Guid(3095d454bf9af12488b985b633738e22) Importer(815301076,1909f56bfc062723c751e8b465ee728b)
Start importing Assets/UnityTechnologies/Adam Character Pack/Adam/Materials/Adam_mask_smashed-exterior.mat using Guid(3095d454bf9af12488b985b633738e22) Importer(815301076,1909f56bfc062723c751e8b465ee728b)  -> (artifact id: 'b9501df604c33f1409bda79b6bc0c6bd') in 0.042584 seconds 
========================================================================
Received Import Request.
  Time since last request: 0.000034 seconds.
  path: Assets/UnityTechnologies/Adam Character Pack/Adam/Textures/Adam_BloodyHeadBracket_a.tif
  artifactKey: Guid(5ead402d5ba467149bc2fce6e773771b) Importer(815301076,1909f56bfc062723c751e8b465ee728b)
Start importing Assets/UnityTechnologies/Adam Character Pack/Adam/Textures/Adam_BloodyHeadBracket_a.tif using Guid(5ead402d5ba467149bc2fce6e773771b) Importer(815301076,1909f56bfc062723c751e8b465ee728b)  -> (artifact id: '8ad27036e48ee7daf191421e5be87d2f') in 0.030582 seconds 
========================================================================
Received Import Request.
  Time since last request: 0.000130 seconds.
  path: Assets/UnityTechnologies/Adam Character Pack/Adam/Materials/Adam_Torso_plastic.mat
  artifactKey: Guid(07925cd01561e234a9ea2ee639a7fcc8) Importer(815301076,1909f56bfc062723c751e8b465ee728b)
Start importing Assets/UnityTechnologies/Adam Character Pack/Adam/Materials/Adam_Torso_plastic.mat using Guid(07925cd01561e234a9ea2ee639a7fcc8) Importer(815301076,1909f56bfc062723c751e8b465ee728b)  -> (artifact id: 'c1f60969a2a48095503253635c5d1a3b') in 0.070245 seconds 
========================================================================
Received Import Request.
  Time since last request: 0.000027 seconds.
  path: Assets/UnityTechnologies/Adam Character Pack/Adam/Materials/Adam_fingers_bloody.mat
  artifactKey: Guid(87321e598c927d547a19cee26b113d06) Importer(815301076,1909f56bfc062723c751e8b465ee728b)
Start importing Assets/UnityTechnologies/Adam Character Pack/Adam/Materials/Adam_fingers_bloody.mat using Guid(87321e598c927d547a19cee26b113d06) Importer(815301076,1909f56bfc062723c751e8b465ee728b)  -> (artifact id: 'c4e844cd63cb301afe866839058674e4') in 0.047048 seconds 
========================================================================
Received Import Request.
  Time since last request: 0.000031 seconds.
  path: Assets/UnityTechnologies/Adam Character Pack/Adam/Textures/Adam_Head_o.tif
  artifactKey: Guid(cc867cbba869c064b8422650f41109f2) Importer(815301076,1909f56bfc062723c751e8b465ee728b)
Start importing Assets/UnityTechnologies/Adam Character Pack/Adam/Textures/Adam_Head_o.tif using Guid(cc867cbba869c064b8422650f41109f2) Importer(815301076,1909f56bfc062723c751e8b465ee728b)  -> (artifact id: 'b1ad80d712c44a6315e1880cff5827b5') in 0.033165 seconds 
========================================================================
Received Import Request.
  Time since last request: 0.000036 seconds.
  path: Assets/UnityTechnologies/Adam Character Pack/Adam/Materials/Adam_Arms_rubber.mat
  artifactKey: Guid(ec4e14df88f64804391814f9533ae8ab) Importer(815301076,1909f56bfc062723c751e8b465ee728b)
Start importing Assets/UnityTechnologies/Adam Character Pack/Adam/Materials/Adam_Arms_rubber.mat using Guid(ec4e14df88f64804391814f9533ae8ab) Importer(815301076,1909f56bfc062723c751e8b465ee728b)  -> (artifact id: '89533b15590d8b3b2f1957671e6c3ea8') in 0.081374 seconds 
========================================================================
Received Import Request.
  Time since last request: 0.000082 seconds.
  path: Assets/UnityTechnologies/Adam Character Pack/Adam/Textures/Adam_Torso_o.tif
  artifactKey: Guid(9a7bc62f1c7137844b7e5c8af4c11730) Importer(815301076,1909f56bfc062723c751e8b465ee728b)
Start importing Assets/UnityTechnologies/Adam Character Pack/Adam/Textures/Adam_Torso_o.tif using Guid(9a7bc62f1c7137844b7e5c8af4c11730) Importer(815301076,1909f56bfc062723c751e8b465ee728b)  -> (artifact id: '91e1d9573f4486d9dd8ea39304125210') in 0.028885 seconds 
========================================================================
Received Import Request.
  Time since last request: 0.000034 seconds.
  path: Assets/UnityTechnologies/Adam Character Pack/Adam/Crowd_LOD1.FBX
  artifactKey: Guid(692432f31a0940246b75e1ffc7087212) Importer(815301076,1909f56bfc062723c751e8b465ee728b)
Start importing Assets/UnityTechnologies/Adam Character Pack/Adam/Crowd_LOD1.FBX using Guid(692432f31a0940246b75e1ffc7087212) Importer(815301076,1909f56bfc062723c751e8b465ee728b)  -> (artifact id: '047697ed950877b23d4e3b2b0b4dd167') in 0.041007 seconds 
========================================================================
Received Import Request.
  Time since last request: 0.000035 seconds.
  path: Assets/UnityTechnologies/Adam Character Pack/Adam/Materials/08 - Default 1.mat
  artifactKey: Guid(cac45ac0cd34c44429eba3e8c09a5b5e) Importer(815301076,1909f56bfc062723c751e8b465ee728b)
Start importing Assets/UnityTechnologies/Adam Character Pack/Adam/Materials/08 - Default 1.mat using Guid(cac45ac0cd34c44429eba3e8c09a5b5e) Importer(815301076,1909f56bfc062723c751e8b465ee728b)  -> (artifact id: '0bcb4ca5263caef8ee10511017c12132') in 0.026337 seconds 
========================================================================
Received Import Request.
  Time since last request: 0.000046 seconds.
  path: Assets/UnityTechnologies/Adam Character Pack/Adam/Textures/Adam_Torso_a.tif
  artifactKey: Guid(d3dde87a0b05e494e993d2a444499f09) Importer(815301076,1909f56bfc062723c751e8b465ee728b)
Start importing Assets/UnityTechnologies/Adam Character Pack/Adam/Textures/Adam_Torso_a.tif using Guid(d3dde87a0b05e494e993d2a444499f09) Importer(815301076,1909f56bfc062723c751e8b465ee728b)  -> (artifact id: 'af8e95aaa38f75b9baf7d4533aaf2440') in 0.035596 seconds 
========================================================================
Received Import Request.
  Time since last request: 0.000027 seconds.
  path: Assets/UnityTechnologies/Adam Character Pack/Adam/Materials/09 - Default.mat
  artifactKey: Guid(fc915a16e8c39f44c9cb435e1180b9cf) Importer(815301076,1909f56bfc062723c751e8b465ee728b)
Start importing Assets/UnityTechnologies/Adam Character Pack/Adam/Materials/09 - Default.mat using Guid(fc915a16e8c39f44c9cb435e1180b9cf) Importer(815301076,1909f56bfc062723c751e8b465ee728b)  -> (artifact id: 'e18165b3e0c3ef1c6fc7ffa8bbe107df') in 0.028097 seconds 
========================================================================
Received Import Request.
  Time since last request: 0.000026 seconds.
  path: Assets/UnityTechnologies/Adam Character Pack/Adam/Materials/08 - Default.mat
  artifactKey: Guid(c74abc31c631e6949ac547b51fd5fb79) Importer(815301076,1909f56bfc062723c751e8b465ee728b)
Start importing Assets/UnityTechnologies/Adam Character Pack/Adam/Materials/08 - Default.mat using Guid(c74abc31c631e6949ac547b51fd5fb79) Importer(815301076,1909f56bfc062723c751e8b465ee728b)  -> (artifact id: 'a086e7874d07edbb53a61ef97fe4927f') in 0.029603 seconds 
========================================================================
Received Import Request.
  Time since last request: 0.000044 seconds.
  path: Assets/UnityTechnologies/Adam Character Pack
  artifactKey: Guid(ebf59ec14b7e74b5c939f8f0cf252c05) Importer(815301076,1909f56bfc062723c751e8b465ee728b)
Start importing Assets/UnityTechnologies/Adam Character Pack using Guid(ebf59ec14b7e74b5c939f8f0cf252c05) Importer(815301076,1909f56bfc062723c751e8b465ee728b)  -> (artifact id: '0e94648afe7925f87e158d4ae9218485') in 0.018241 seconds 
========================================================================
Received Import Request.
  Time since last request: 0.000048 seconds.
  path: Assets/UnityTechnologies/Adam Character Pack/Adam/Materials/Adam_Arms_metal.mat
  artifactKey: Guid(b0be9b1784bdb2940b90d5b8f7396e1d) Importer(815301076,1909f56bfc062723c751e8b465ee728b)
Start importing Assets/UnityTechnologies/Adam Character Pack/Adam/Materials/Adam_Arms_metal.mat using Guid(b0be9b1784bdb2940b90d5b8f7396e1d) Importer(815301076,1909f56bfc062723c751e8b465ee728b)  -> (artifact id: '6ceb13c1d5f1d03d8fe9fe5ce978b309') in 0.078697 seconds 
========================================================================
Received Import Request.
  Time since last request: 0.000036 seconds.
  path: Assets/UnityTechnologies/Adam Character Pack/Adam/Textures/Adam_Arms_n.tif
  artifactKey: Guid(43b2b836b9e97ce4f8a62848fde76dfa) Importer(815301076,1909f56bfc062723c751e8b465ee728b)
Start importing Assets/UnityTechnologies/Adam Character Pack/Adam/Textures/Adam_Arms_n.tif using Guid(43b2b836b9e97ce4f8a62848fde76dfa) Importer(815301076,1909f56bfc062723c751e8b465ee728b)  -> (artifact id: 'ab51f84081de1e8e2e6fd9c1dd3c49a8') in 0.042910 seconds 
========================================================================
Received Import Request.
  Time since last request: 0.000029 seconds.
  path: Assets/UnityTechnologies/Adam Character Pack/Adam/Textures/AdamMonitor.psd
  artifactKey: Guid(f8cbc074db9ca3c44a61d4778742e77d) Importer(815301076,1909f56bfc062723c751e8b465ee728b)
Start importing Assets/UnityTechnologies/Adam Character Pack/Adam/Textures/AdamMonitor.psd using Guid(f8cbc074db9ca3c44a61d4778742e77d) Importer(815301076,1909f56bfc062723c751e8b465ee728b)  -> (artifact id: 'b89a54565efb1b4e988fc388c3a19604') in 0.033819 seconds 
========================================================================
Received Import Request.
  Time since last request: 0.000032 seconds.
  path: Assets/UnityTechnologies/Adam Character Pack/Adam/Crowd_LOD2.FBX
  artifactKey: Guid(cc2d35765e13fa5459b338c988089841) Importer(815301076,1909f56bfc062723c751e8b465ee728b)
Start importing Assets/UnityTechnologies/Adam Character Pack/Adam/Crowd_LOD2.FBX using Guid(cc2d35765e13fa5459b338c988089841) Importer(815301076,1909f56bfc062723c751e8b465ee728b)  -> (artifact id: '304a12d3c5e6bb5f84fb5cacb72cef0b') in 0.050529 seconds 
========================================================================
Received Import Request.
  Time since last request: 0.000028 seconds.
  path: Assets/UnityTechnologies/Adam Character Pack/Adam/Materials/Adam_BloodyHeadBracket.mat
  artifactKey: Guid(736397f389895c54eaf246789ce67369) Importer(815301076,1909f56bfc062723c751e8b465ee728b)
Start importing Assets/UnityTechnologies/Adam Character Pack/Adam/Materials/Adam_BloodyHeadBracket.mat using Guid(736397f389895c54eaf246789ce67369) Importer(815301076,1909f56bfc062723c751e8b465ee728b)  -> (artifact id: 'a2c0663c8c45477a4a7a6d4e97aea362') in 0.032804 seconds 
========================================================================
Received Import Request.
  Time since last request: 0.000042 seconds.
  path: Assets/UnityTechnologies/Adam Character Pack/Adam/Materials/Crowd_LOD1_0.mat
  artifactKey: Guid(2f42f66b42356fe4ba3effae8aa89051) Importer(815301076,1909f56bfc062723c751e8b465ee728b)
Start importing Assets/UnityTechnologies/Adam Character Pack/Adam/Materials/Crowd_LOD1_0.mat using Guid(2f42f66b42356fe4ba3effae8aa89051) Importer(815301076,1909f56bfc062723c751e8b465ee728b)  -> (artifact id: '930fabf60e38bd450b437df74e76fe07') in 0.032089 seconds 
========================================================================
Received Import Request.
  Time since last request: 0.000031 seconds.
  path: Assets/UnityTechnologies/Adam Character Pack/Adam/Materials/Adam_head_plastic.mat
  artifactKey: Guid(76e465ee227cff34895e485b5d7647bb) Importer(815301076,1909f56bfc062723c751e8b465ee728b)
Start importing Assets/UnityTechnologies/Adam Character Pack/Adam/Materials/Adam_head_plastic.mat using Guid(76e465ee227cff34895e485b5d7647bb) Importer(815301076,1909f56bfc062723c751e8b465ee728b)  -> (artifact id: '2de668407e2901f082880975cac032c3') in 0.081871 seconds 
========================================================================
Received Import Request.
  Time since last request: 0.000039 seconds.
  path: Assets/UnityTechnologies/Adam Character Pack/Adam/Materials/Crowd_LOD0_1.mat
  artifactKey: Guid(fce628fa8cd4b4045b339a3018cb0726) Importer(815301076,1909f56bfc062723c751e8b465ee728b)
Start importing Assets/UnityTechnologies/Adam Character Pack/Adam/Materials/Crowd_LOD0_1.mat using Guid(fce628fa8cd4b4045b339a3018cb0726) Importer(815301076,1909f56bfc062723c751e8b465ee728b)  -> (artifact id: 'b0c6470560e5272a345a012de7ff4c30') in 0.029422 seconds 
========================================================================
Received Import Request.
  Time since last request: 0.000027 seconds.
  path: Assets/UnityTechnologies/Adam Character Pack/Adam/Textures/Adam_Head_a.tif
  artifactKey: Guid(28e3875267da8b248830de7a964f9568) Importer(815301076,1909f56bfc062723c751e8b465ee728b)
Start importing Assets/UnityTechnologies/Adam Character Pack/Adam/Textures/Adam_Head_a.tif using Guid(28e3875267da8b248830de7a964f9568) Importer(815301076,1909f56bfc062723c751e8b465ee728b)  -> (artifact id: 'c8cf02d61178802b3242cc7228ae9d30') in 0.032905 seconds 
========================================================================
Received Import Request.
  Time since last request: 0.000030 seconds.
  path: Assets/UnityTechnologies/Adam Character Pack/Adam/Textures/Adam_Torso_sg.tif
  artifactKey: Guid(4027d13f9e14de44a95ae2156585b4ac) Importer(815301076,1909f56bfc062723c751e8b465ee728b)
Start importing Assets/UnityTechnologies/Adam Character Pack/Adam/Textures/Adam_Torso_sg.tif using Guid(4027d13f9e14de44a95ae2156585b4ac) Importer(815301076,1909f56bfc062723c751e8b465ee728b)  -> (artifact id: '7edee8f4fc6adbc977f5ebe948a54f2a') in 0.041552 seconds 
========================================================================
Received Prepare
Registering precompiled user dll's ...
Registered in 0.011774 seconds.
