Using pre-set license
Built from '2022.1/staging' branch; Version is '2022.1.16f1 (7321c9670bc2) revision 7545289'; Using compiler version '192829333'; Build Type 'Release'
OS: 'Windows 10  (10.0.19045) 64bit Education' Language: 'en' Physical Memory: 16319 MB
BatchMode: 1, IsHumanControllingUs: 0, StartBugReporterOnCrash: 0, Is64bit: 1, IsPro: 1

COMMAND LINE ARGUMENTS:
C:\Program Files\Unity\Hub\Editor\2022.1.16f1\Editor\Unity.exe
-adb2
-batchMode
-noUpm
-name
AssetImportWorker0
-projectPath
C:/Users/528578/3d project
-logFile
Logs/AssetImportWorker0.log
-srvPort
59629
Successfully changed project path to: C:/Users/528578/3d project
C:/Users/528578/3d project
[UnityMemory] Configuration Parameters - Can be set up in boot.config
    "memorysetup-bucket-allocator-granularity=16"
    "memorysetup-bucket-allocator-bucket-count=8"
    "memorysetup-bucket-allocator-block-size=33554432"
    "memorysetup-bucket-allocator-block-count=8"
    "memorysetup-main-allocator-block-size=16777216"
    "memorysetup-thread-allocator-block-size=16777216"
    "memorysetup-gfx-main-allocator-block-size=16777216"
    "memorysetup-gfx-thread-allocator-block-size=16777216"
    "memorysetup-cache-allocator-block-size=4194304"
    "memorysetup-typetree-allocator-block-size=2097152"
    "memorysetup-profiler-bucket-allocator-granularity=16"
    "memorysetup-profiler-bucket-allocator-bucket-count=8"
    "memorysetup-profiler-bucket-allocator-block-size=33554432"
    "memorysetup-profiler-bucket-allocator-block-count=8"
    "memorysetup-profiler-allocator-block-size=16777216"
    "memorysetup-profiler-editor-allocator-block-size=1048576"
    "memorysetup-temp-allocator-size-main=16777216"
    "memorysetup-job-temp-allocator-block-size=2097152"
    "memorysetup-job-temp-allocator-block-size-background=1048576"
    "memorysetup-job-temp-allocator-reduction-small-platforms=262144"
    "memorysetup-temp-allocator-size-background-worker=32768"
    "memorysetup-temp-allocator-size-job-worker=262144"
    "memorysetup-temp-allocator-size-preload-manager=33554432"
    "memorysetup-temp-allocator-size-nav-mesh-worker=65536"
    "memorysetup-temp-allocator-size-audio-worker=65536"
    "memorysetup-temp-allocator-size-cloud-worker=32768"
    "memorysetup-temp-allocator-size-gi-baking-worker=262144"
    "memorysetup-temp-allocator-size-gfx=262144"
Refreshing native plugins compatible for Editor in 114.94 ms, found 3 plugins.
Preloading 0 native plugins for Editor in 0.00 ms.
Initialize engine version: 2022.1.16f1 (7321c9670bc2)
[Subsystems] Discovering subsystems at path C:/Program Files/Unity/Hub/Editor/2022.1.16f1/Editor/Data/Resources/UnitySubsystems
[Subsystems] Discovering subsystems at path C:/Users/528578/3d project/Assets
GfxDevice: creating device client; threaded=0; jobified=0
Direct3D:
    Version:  Direct3D 11.0 [level 11.1]
    Renderer: NVIDIA GeForce GTX 1650 (ID=0x1f82)
    Vendor:   NVIDIA
    VRAM:     3949 MB
    Driver:   31.0.15.3623
Initialize mono
Mono path[0] = 'C:/Program Files/Unity/Hub/Editor/2022.1.16f1/Editor/Data/Managed'
Mono path[1] = 'C:/Program Files/Unity/Hub/Editor/2022.1.16f1/Editor/Data/MonoBleedingEdge/lib/mono/unityjit-win32'
Mono config path = 'C:/Program Files/Unity/Hub/Editor/2022.1.16f1/Editor/Data/MonoBleedingEdge/etc'
Using monoOptions --debugger-agent=transport=dt_socket,embedding=1,server=y,suspend=n,address=127.0.0.1:56492
Begin MonoManager ReloadAssembly
Registering precompiled unity dll's ...
Register platform support module: C:/Program Files/Unity/Hub/Editor/2022.1.16f1/Editor/Data/PlaybackEngines/WebGLSupport/UnityEditor.WebGL.Extensions.dll
Register platform support module: C:/Program Files/Unity/Hub/Editor/2022.1.16f1/Editor/Data/PlaybackEngines/MacStandaloneSupport/UnityEditor.OSXStandalone.Extensions.dll
Register platform support module: C:/Program Files/Unity/Hub/Editor/2022.1.16f1/Editor/Data/PlaybackEngines/AndroidPlayer/UnityEditor.Android.Extensions.dll
Register platform support module: C:/Program Files/Unity/Hub/Editor/2022.1.16f1/Editor/Data/PlaybackEngines/iOSSupport/UnityEditor.iOS.Extensions.dll
Register platform support module: C:/Program Files/Unity/Hub/Editor/2022.1.16f1/Editor/Data/PlaybackEngines/AppleTVSupport/UnityEditor.AppleTV.Extensions.dll
Register platform support module: C:/Program Files/Unity/Hub/Editor/2022.1.16f1/Editor/Data/PlaybackEngines/WindowsStandaloneSupport/UnityEditor.WindowsStandalone.Extensions.dll
Register platform support module: C:/Program Files/Unity/Hub/Editor/2022.1.16f1/Editor/Data/PlaybackEngines/LinuxStandaloneSupport/UnityEditor.LinuxStandalone.Extensions.dll
Register platform support module: C:/Program Files/Unity/Hub/Editor/2022.1.16f1/Editor/Data/PlaybackEngines/MetroSupport/UnityEditor.UWP.Extensions.dll
Registered in 0.041274 seconds.
Native extension for UWP target not found
Native extension for LinuxStandalone target not found
Native extension for WindowsStandalone target not found
[usbmuxd] Start listen thread
[usbmuxd] Listen thread started
Native extension for AppleTV target not found
[usbmuxd] Start listen thread
[usbmuxd] Listen thread started
Native extension for iOS target not found
Native extension for Android target not found
Native extension for OSXStandalone target not found
Native extension for WebGL target not found
Refreshing native plugins compatible for Editor in 89.67 ms, found 3 plugins.
Preloading 0 native plugins for Editor in 0.00 ms.
Mono: successfully reloaded assembly
- Completed reload, in  1.096 seconds
Domain Reload Profiling:
	ReloadAssembly (1097ms)
		BeginReloadAssembly (151ms)
			ExecutionOrderSort (0ms)
			DisableScriptedObjects (0ms)
			BackupInstance (0ms)
			ReleaseScriptingObjects (0ms)
			CreateAndSetChildDomain (1ms)
		EndReloadAssembly (724ms)
			LoadAssemblies (148ms)
			RebuildTransferFunctionScriptingTraits (0ms)
			SetupTypeCache (173ms)
				TypeCache.Initialize (172ms)
					TypeCache.ScanAssembly (170ms)
				ResolveRequiredComponents (1ms)
			ReleaseScriptCaches (0ms)
			RebuildScriptCaches (34ms)
			SetupLoadedEditorAssemblies (426ms)
				LogAssemblyErrors (0ms)
				InitializePlatformSupportModulesInManaged (115ms)
				SetLoadedEditorAssemblies (9ms)
				RefreshPlugins (90ms)
				BeforeProcessingInitializeOnLoad (1ms)
				ProcessInitializeOnLoadAttributes (146ms)
				ProcessInitializeOnLoadMethodAttributes (65ms)
				AfterProcessingInitializeOnLoad (0ms)
				EditorAssembliesLoaded (0ms)
			ExecutionOrderSort2 (0ms)
			AwakeInstancesAfterBackupRestoration (0ms)
Platform modules already initialized, skipping
Registering precompiled user dll's ...
Registered in 0.016258 seconds.
Begin MonoManager ReloadAssembly
Symbol file LoadedFromMemory doesn't match image C:\Users\528578\3d project\Library\PackageCache\com.unity.visualscripting@1.7.8\Editor\VisualScripting.Core\Dependencies\YamlDotNet\Unity.VisualScripting.YamlDotNet.dll
Symbol file LoadedFromMemory doesn't match image C:\Users\528578\3d project\Library\PackageCache\com.unity.visualscripting@1.7.8\Editor\VisualScripting.Core\Dependencies\DotNetZip\Unity.VisualScripting.IonicZip.dll
Native extension for UWP target not found
Native extension for LinuxStandalone target not found
Native extension for WindowsStandalone target not found
Native extension for AppleTV target not found
Native extension for iOS target not found
Native extension for Android target not found
Native extension for OSXStandalone target not found
Native extension for WebGL target not found
Refreshing native plugins compatible for Editor in 0.65 ms, found 3 plugins.
Preloading 0 native plugins for Editor in 0.00 ms.
Mono: successfully reloaded assembly
- Completed reload, in  1.560 seconds
Domain Reload Profiling:
	ReloadAssembly (1561ms)
		BeginReloadAssembly (187ms)
			ExecutionOrderSort (0ms)
			DisableScriptedObjects (6ms)
			BackupInstance (0ms)
			ReleaseScriptingObjects (0ms)
			CreateAndSetChildDomain (24ms)
		EndReloadAssembly (1200ms)
			LoadAssemblies (154ms)
			RebuildTransferFunctionScriptingTraits (0ms)
			SetupTypeCache (338ms)
				TypeCache.Initialize (332ms)
					TypeCache.ScanAssembly (325ms)
				ResolveRequiredComponents (7ms)
			ReleaseScriptCaches (1ms)
			RebuildScriptCaches (65ms)
			SetupLoadedEditorAssemblies (604ms)
				LogAssemblyErrors (0ms)
				InitializePlatformSupportModulesInManaged (68ms)
				SetLoadedEditorAssemblies (8ms)
				RefreshPlugins (1ms)
				BeforeProcessingInitializeOnLoad (132ms)
				ProcessInitializeOnLoadAttributes (332ms)
				ProcessInitializeOnLoadMethodAttributes (35ms)
				AfterProcessingInitializeOnLoad (27ms)
				EditorAssembliesLoaded (0ms)
			ExecutionOrderSort2 (0ms)
			AwakeInstancesAfterBackupRestoration (6ms)
Platform modules already initialized, skipping
========================================================================
Worker process is ready to serve import requests
Launched and connected shader compiler UnityShaderCompiler.exe after 0.08 seconds
Refreshing native plugins compatible for Editor in 1.17 ms, found 3 plugins.
Preloading 0 native plugins for Editor in 0.00 ms.
Unloading 3601 Unused Serialized files (Serialized files now loaded: 0)
Unloading 39 unused Assets / (131.6 KB). Loaded Objects now: 4081.
Memory consumption went from 0.55 GB to 0.55 GB.
Total: 3.982900 ms (FindLiveObjects: 0.331800 ms CreateObjectMapping: 0.162300 ms MarkObjects: 3.369100 ms  DeleteObjects: 0.118500 ms)

AssetImportParameters requested are different than current active one (requested -> active):
  custom:video-decoder-ogg-theora: a1e56fd34408186e4bbccfd4996cb3dc -> 
  custom:container-muxer-webm: aa71ff27fc2769a1b78a27578f13a17b -> 
  custom:container-demuxer-webm: 4f35f7cbe854078d1ac9338744f61a02 -> 
  custom:video-encoder-webm-vp8: eb34c28f22e8b96e1ab97ce403110664 -> 
  custom:audio-encoder-webm-vorbis: bf7c407c2cedff20999df2af8eb42d56 -> 
  custom:framework-win-MediaFoundation: 216162199b28c13a410421893ffa2e32 -> 
  custom:container-demuxer-ogg: 62fdf1f143b41e24485cea50d1cbac27 -> 
  custom:video-decoder-webm-vp8: 9c59270c3fd7afecdb556c50c9e8de78 -> 
  custom:audio-decoder-ogg-vorbis: bf7c407c2cedff20999df2af8eb42d56 -> 
========================================================================
Received Import Request.
  Time since last request: 286915.873288 seconds.
  path: Assets/Samples
  artifactKey: Guid(ba2035db08e7067469fe9bde1bcdb460) Importer(815301076,1909f56bfc062723c751e8b465ee728b)
Start importing Assets/Samples using Guid(ba2035db08e7067469fe9bde1bcdb460) Importer(815301076,1909f56bfc062723c751e8b465ee728b)  -> (artifact id: 'bcb3662bb9d03bfeeec6ce63249ca3ba') in 0.014898 seconds 
========================================================================
Received Import Request.
  Time since last request: 11.622829 seconds.
  path: Assets/Scenes/start.unity
  artifactKey: Guid(09eb0e864c475624a897010ee408102a) Importer(815301076,1909f56bfc062723c751e8b465ee728b)
Start importing Assets/Scenes/start.unity using Guid(09eb0e864c475624a897010ee408102a) Importer(815301076,1909f56bfc062723c751e8b465ee728b)  -> (artifact id: '089169f9ecd593c4d7bb2946f6b81dc5') in 0.012150 seconds 
========================================================================
Received Import Request.
  Time since last request: 272.837044 seconds.
  path: Assets/Scenes/SampleScene.unity
  artifactKey: Guid(9fc0d4010bbf28b4594072e72b8655ab) Importer(815301076,1909f56bfc062723c751e8b465ee728b)
Start importing Assets/Scenes/SampleScene.unity using Guid(9fc0d4010bbf28b4594072e72b8655ab) Importer(815301076,1909f56bfc062723c751e8b465ee728b)  -> (artifact id: '2a5881001df39bf14036fa71bd21f38c') in 0.010848 seconds 
========================================================================
Received Import Request.
  Time since last request: 29.957367 seconds.
  path: Assets/Scenes/LEVEL 1.unity
  artifactKey: Guid(9fc0d4010bbf28b4594072e72b8655ab) Importer(815301076,1909f56bfc062723c751e8b465ee728b)
Start importing Assets/Scenes/LEVEL 1.unity using Guid(9fc0d4010bbf28b4594072e72b8655ab) Importer(815301076,1909f56bfc062723c751e8b465ee728b)  -> (artifact id: '4b7265c23c62bce035d9ba074b4889aa') in 0.013321 seconds 
========================================================================
Received Import Request.
  Time since last request: 47.215154 seconds.
  path: Assets/Scenes/START.unity
  artifactKey: Guid(09eb0e864c475624a897010ee408102a) Importer(815301076,1909f56bfc062723c751e8b465ee728b)
Start importing Assets/Scenes/START.unity using Guid(09eb0e864c475624a897010ee408102a) Importer(815301076,1909f56bfc062723c751e8b465ee728b)  -> (artifact id: 'd2eefcb5720f7154856a37a13364f738') in 0.011387 seconds 
========================================================================
Received Prepare
Registering precompiled user dll's ...
Registered in 0.015083 seconds.
Begin MonoManager ReloadAssembly
Symbol file LoadedFromMemory doesn't match image C:\Users\528578\3d project\Library\PackageCache\com.unity.visualscripting@1.7.8\Editor\VisualScripting.Core\Dependencies\YamlDotNet\Unity.VisualScripting.YamlDotNet.dll
Symbol file LoadedFromMemory doesn't match image C:\Users\528578\3d project\Library\PackageCache\com.unity.visualscripting@1.7.8\Editor\VisualScripting.Core\Dependencies\DotNetZip\Unity.VisualScripting.IonicZip.dll
Native extension for UWP target not found
Native extension for LinuxStandalone target not found
Native extension for WindowsStandalone target not found
Native extension for AppleTV target not found
Native extension for iOS target not found
Native extension for Android target not found
Native extension for OSXStandalone target not found
Native extension for WebGL target not found
Refreshing native plugins compatible for Editor in 1.07 ms, found 3 plugins.
Preloading 0 native plugins for Editor in 0.00 ms.
Mono: successfully reloaded assembly
- Completed reload, in  1.638 seconds
Domain Reload Profiling:
	ReloadAssembly (1639ms)
		BeginReloadAssembly (213ms)
			ExecutionOrderSort (0ms)
			DisableScriptedObjects (7ms)
			BackupInstance (0ms)
			ReleaseScriptingObjects (0ms)
			CreateAndSetChildDomain (41ms)
		EndReloadAssembly (1263ms)
			LoadAssemblies (173ms)
			RebuildTransferFunctionScriptingTraits (0ms)
			SetupTypeCache (358ms)
				TypeCache.Initialize (352ms)
					TypeCache.ScanAssembly (345ms)
				ResolveRequiredComponents (6ms)
			ReleaseScriptCaches (2ms)
			RebuildScriptCaches (62ms)
			SetupLoadedEditorAssemblies (631ms)
				LogAssemblyErrors (0ms)
				InitializePlatformSupportModulesInManaged (86ms)
				SetLoadedEditorAssemblies (8ms)
				RefreshPlugins (1ms)
				BeforeProcessingInitializeOnLoad (113ms)
				ProcessInitializeOnLoadAttributes (348ms)
				ProcessInitializeOnLoadMethodAttributes (40ms)
				AfterProcessingInitializeOnLoad (34ms)
				EditorAssembliesLoaded (0ms)
			ExecutionOrderSort2 (0ms)
			AwakeInstancesAfterBackupRestoration (8ms)
Platform modules already initialized, skipping
Refreshing native plugins compatible for Editor in 3.93 ms, found 3 plugins.
Preloading 0 native plugins for Editor in 0.00 ms.
Unloading 3593 Unused Serialized files (Serialized files now loaded: 0)
Unloading 20 unused Assets / (96.1 KB). Loaded Objects now: 4097.
Memory consumption went from 0.55 GB to 0.55 GB.
Total: 3.566100 ms (FindLiveObjects: 0.301100 ms CreateObjectMapping: 0.132600 ms MarkObjects: 3.082600 ms  DeleteObjects: 0.048700 ms)

AssetImportParameters requested are different than current active one (requested -> active):
  custom:video-decoder-ogg-theora: a1e56fd34408186e4bbccfd4996cb3dc -> 
  custom:container-muxer-webm: aa71ff27fc2769a1b78a27578f13a17b -> 
  custom:container-demuxer-webm: 4f35f7cbe854078d1ac9338744f61a02 -> 
  custom:video-encoder-webm-vp8: eb34c28f22e8b96e1ab97ce403110664 -> 
  custom:audio-encoder-webm-vorbis: bf7c407c2cedff20999df2af8eb42d56 -> 
  custom:framework-win-MediaFoundation: 216162199b28c13a410421893ffa2e32 -> 
  custom:container-demuxer-ogg: 62fdf1f143b41e24485cea50d1cbac27 -> 
  custom:video-decoder-webm-vp8: 9c59270c3fd7afecdb556c50c9e8de78 -> 
  custom:audio-decoder-ogg-vorbis: bf7c407c2cedff20999df2af8eb42d56 -> 
========================================================================
Received Import Request.
  Time since last request: 657.760157 seconds.
  path: Assets/UnityTechnologies/Adam Character Pack/Adam/Materials/No Name.mat
  artifactKey: Guid(b6cd6cd79d9daca4f8c69790d081a8e1) Importer(815301076,1909f56bfc062723c751e8b465ee728b)
Start importing Assets/UnityTechnologies/Adam Character Pack/Adam/Materials/No Name.mat using Guid(b6cd6cd79d9daca4f8c69790d081a8e1) Importer(815301076,1909f56bfc062723c751e8b465ee728b)  -> (artifact id: '7e2497f4ab3980d8c434ea86be452f3e') in 0.253086 seconds 
========================================================================
Received Import Request.
  Time since last request: 0.000033 seconds.
  path: Assets/UnityTechnologies/Adam Character Pack/Adam/Textures
  artifactKey: Guid(a1f18342cbfc37949b72fc4e8b9b612b) Importer(815301076,1909f56bfc062723c751e8b465ee728b)
Start importing Assets/UnityTechnologies/Adam Character Pack/Adam/Textures using Guid(a1f18342cbfc37949b72fc4e8b9b612b) Importer(815301076,1909f56bfc062723c751e8b465ee728b)  -> (artifact id: '706552d5d3c95f4516db00cd66cb714e') in 0.014665 seconds 
========================================================================
Received Import Request.
  Time since last request: 0.000038 seconds.
  path: Assets/UnityTechnologies/Adam Character Pack/Adam/Materials/Adam_monitors.mat
  artifactKey: Guid(371d27e98fd444d4c9de7b8acb1fe669) Importer(815301076,1909f56bfc062723c751e8b465ee728b)
Start importing Assets/UnityTechnologies/Adam Character Pack/Adam/Materials/Adam_monitors.mat using Guid(371d27e98fd444d4c9de7b8acb1fe669) Importer(815301076,1909f56bfc062723c751e8b465ee728b)  -> (artifact id: '204821f810760da5556f0d28b1f71f0b') in 0.318307 seconds 
========================================================================
Received Import Request.
  Time since last request: 0.000022 seconds.
  path: Assets/UnityTechnologies/Adam Character Pack/Adam/Materials/Eye_blades.mat
  artifactKey: Guid(10a99df204ddcc8498b8ec0107684392) Importer(815301076,1909f56bfc062723c751e8b465ee728b)
Start importing Assets/UnityTechnologies/Adam Character Pack/Adam/Materials/Eye_blades.mat using Guid(10a99df204ddcc8498b8ec0107684392) Importer(815301076,1909f56bfc062723c751e8b465ee728b)  -> (artifact id: 'ec272d19177e94adc6290aab522c6f5b') in 0.026979 seconds 
========================================================================
Received Import Request.
  Time since last request: 0.000034 seconds.
  path: Assets/UnityTechnologies/Adam Character Pack/Adam/Materials/Eye_Sclera.mat
  artifactKey: Guid(fa8548b2df7013842a954bf7983922e0) Importer(815301076,1909f56bfc062723c751e8b465ee728b)
Start importing Assets/UnityTechnologies/Adam Character Pack/Adam/Materials/Eye_Sclera.mat using Guid(fa8548b2df7013842a954bf7983922e0) Importer(815301076,1909f56bfc062723c751e8b465ee728b)  -> (artifact id: '64d90f6e9d06c1fcbdedc08c1724ab79') in 0.023576 seconds 
========================================================================
Received Import Request.
  Time since last request: 0.000027 seconds.
  path: Assets/UnityTechnologies/Adam Character Pack/Adam/Materials/Adam_head_rubber.mat
  artifactKey: Guid(17d9f35b6093f0a4ebff4a62de90632c) Importer(815301076,1909f56bfc062723c751e8b465ee728b)
Start importing Assets/UnityTechnologies/Adam Character Pack/Adam/Materials/Adam_head_rubber.mat using Guid(17d9f35b6093f0a4ebff4a62de90632c) Importer(815301076,1909f56bfc062723c751e8b465ee728b)  -> (artifact id: 'c4d09e9f449411383b3fad613a57f47d') in 0.402370 seconds 
========================================================================
Received Import Request.
  Time since last request: 0.000043 seconds.
  path: Assets/UnityTechnologies/Adam Character Pack/Adam/Adam_Walk.FBX
  artifactKey: Guid(abff1e609cb74354792d4d21e84c0eaa) Importer(815301076,1909f56bfc062723c751e8b465ee728b)
Start importing Assets/UnityTechnologies/Adam Character Pack/Adam/Adam_Walk.FBX using Guid(abff1e609cb74354792d4d21e84c0eaa) Importer(815301076,1909f56bfc062723c751e8b465ee728b)  -> (artifact id: 'd9015f62ed9fa38178ffefe94533ae31') in 1.036134 seconds 
========================================================================
Received Import Request.
  Time since last request: 0.000041 seconds.
  path: Assets/UnityTechnologies/Adam Character Pack/Adam/Materials/Adam_Torso_rubber.mat
  artifactKey: Guid(f9a37b46587e5c84ebdfc7d92b322a29) Importer(815301076,1909f56bfc062723c751e8b465ee728b)
Start importing Assets/UnityTechnologies/Adam Character Pack/Adam/Materials/Adam_Torso_rubber.mat using Guid(f9a37b46587e5c84ebdfc7d92b322a29) Importer(815301076,1909f56bfc062723c751e8b465ee728b)  -> (artifact id: '1ed4881cba03f688890ccf23ba341c0c') in 0.067577 seconds 
========================================================================
Received Import Request.
  Time since last request: 0.000034 seconds.
  path: Assets/UnityTechnologies/Adam Character Pack/Adam/Textures/Adam_Legs_o.tif
  artifactKey: Guid(cb19c4dee8ea0774a9cf55b72372bcc2) Importer(815301076,1909f56bfc062723c751e8b465ee728b)
Start importing Assets/UnityTechnologies/Adam Character Pack/Adam/Textures/Adam_Legs_o.tif using Guid(cb19c4dee8ea0774a9cf55b72372bcc2) Importer(815301076,1909f56bfc062723c751e8b465ee728b)  -> (artifact id: 'efde2dc2a62b85a250356b8b6fee57c5') in 0.098138 seconds 
========================================================================
Received Import Request.
  Time since last request: 0.000031 seconds.
  path: Assets/UnityTechnologies/Adam Character Pack/Adam/Materials/Adam_LOD_02.mat
  artifactKey: Guid(8c0c4442ed48dbc4498d3f128edfe017) Importer(815301076,1909f56bfc062723c751e8b465ee728b)
Start importing Assets/UnityTechnologies/Adam Character Pack/Adam/Materials/Adam_LOD_02.mat using Guid(8c0c4442ed48dbc4498d3f128edfe017) Importer(815301076,1909f56bfc062723c751e8b465ee728b)  -> (artifact id: '0f2d84f1a50efd506f03eb096029d2dd') in 0.028678 seconds 
========================================================================
Received Import Request.
  Time since last request: 0.000042 seconds.
  path: Assets/UnityTechnologies/Adam Character Pack/Adam/Materials/Adam_mask_smashed.mat
  artifactKey: Guid(ef1921bc48c68ae428279b320fc15d7c) Importer(815301076,1909f56bfc062723c751e8b465ee728b)
Start importing Assets/UnityTechnologies/Adam Character Pack/Adam/Materials/Adam_mask_smashed.mat using Guid(ef1921bc48c68ae428279b320fc15d7c) Importer(815301076,1909f56bfc062723c751e8b465ee728b)  -> (artifact id: '5a1f94e157cd2853424e14e92981467e') in 0.029947 seconds 
========================================================================
Received Import Request.
  Time since last request: 0.000045 seconds.
  path: Assets/UnityTechnologies/Adam Character Pack/Adam/Materials/Eye_Lens.mat
  artifactKey: Guid(e7a29c7974c91b64f9613494ebf8647e) Importer(815301076,1909f56bfc062723c751e8b465ee728b)
Start importing Assets/UnityTechnologies/Adam Character Pack/Adam/Materials/Eye_Lens.mat using Guid(e7a29c7974c91b64f9613494ebf8647e) Importer(815301076,1909f56bfc062723c751e8b465ee728b)  -> (artifact id: '69a725cc166cd61503ff26652ef68dab') in 0.365485 seconds 
========================================================================
Received Import Request.
  Time since last request: 0.000030 seconds.
  path: Assets/UnityTechnologies/Adam Character Pack/Adam/Materials/15 - Default 1.mat
  artifactKey: Guid(75b4ddecf6936c94eb37334941759112) Importer(815301076,1909f56bfc062723c751e8b465ee728b)
Start importing Assets/UnityTechnologies/Adam Character Pack/Adam/Materials/15 - Default 1.mat using Guid(75b4ddecf6936c94eb37334941759112) Importer(815301076,1909f56bfc062723c751e8b465ee728b)  -> (artifact id: '95490393dbf1a1c475bdc096e535ac93') in 0.026812 seconds 
========================================================================
Received Import Request.
  Time since last request: 0.000038 seconds.
  path: Assets/UnityTechnologies/Adam Character Pack/Adam
  artifactKey: Guid(a2eb3ee376dd24a4f9221a30765d895b) Importer(815301076,1909f56bfc062723c751e8b465ee728b)
Start importing Assets/UnityTechnologies/Adam Character Pack/Adam using Guid(a2eb3ee376dd24a4f9221a30765d895b) Importer(815301076,1909f56bfc062723c751e8b465ee728b)  -> (artifact id: '5fc1c17180a1c7a475ed5fe70668914c') in 0.004178 seconds 
========================================================================
Received Import Request.
  Time since last request: 0.000045 seconds.
  path: Assets/UnityTechnologies/Adam Character Pack/Adam/Materials/Adam_Mask_metal_smashed.mat
  artifactKey: Guid(b3897ebd8023fee4185a7be6906ef68e) Importer(815301076,1909f56bfc062723c751e8b465ee728b)
Start importing Assets/UnityTechnologies/Adam Character Pack/Adam/Materials/Adam_Mask_metal_smashed.mat using Guid(b3897ebd8023fee4185a7be6906ef68e) Importer(815301076,1909f56bfc062723c751e8b465ee728b)  -> (artifact id: 'ec0568fde6e30bbc3b20c8177a467bb7') in 0.028831 seconds 
========================================================================
Received Import Request.
  Time since last request: 0.000028 seconds.
  path: Assets/UnityTechnologies/Adam Character Pack/Adam/Textures/Adam_Arms_sg.tif
  artifactKey: Guid(fbc0cc85531b6af4781ca249de8a4cb0) Importer(815301076,1909f56bfc062723c751e8b465ee728b)
Start importing Assets/UnityTechnologies/Adam Character Pack/Adam/Textures/Adam_Arms_sg.tif using Guid(fbc0cc85531b6af4781ca249de8a4cb0) Importer(815301076,1909f56bfc062723c751e8b465ee728b)  -> (artifact id: 'd64cc0cb994ac4c76798792732bc2bf7') in 0.050420 seconds 
========================================================================
Received Import Request.
  Time since last request: 0.000035 seconds.
  path: Assets/UnityTechnologies/Adam Character Pack/Adam/Materials/Adam_Legs_plastic.mat
  artifactKey: Guid(0d6e7fde78507af49b5f2c734df76115) Importer(815301076,1909f56bfc062723c751e8b465ee728b)
Start importing Assets/UnityTechnologies/Adam Character Pack/Adam/Materials/Adam_Legs_plastic.mat using Guid(0d6e7fde78507af49b5f2c734df76115) Importer(815301076,1909f56bfc062723c751e8b465ee728b)  -> (artifact id: 'e98a00358900d9cb71e5e1eae7acfcbe') in 0.089907 seconds 
========================================================================
Received Import Request.
  Time since last request: 0.000034 seconds.
  path: Assets/UnityTechnologies/Adam Character Pack/Adam/Materials
  artifactKey: Guid(0a616ea41313bfa408de394e7cf62b2a) Importer(815301076,1909f56bfc062723c751e8b465ee728b)
Start importing Assets/UnityTechnologies/Adam Character Pack/Adam/Materials using Guid(0a616ea41313bfa408de394e7cf62b2a) Importer(815301076,1909f56bfc062723c751e8b465ee728b)  -> (artifact id: '9f7944495bd5399edfa98ea2068dd259') in 0.013427 seconds 
========================================================================
Received Import Request.
  Time since last request: 0.000039 seconds.
  path: Assets/UnityTechnologies/Adam Character Pack/Adam/Textures/Adam_BloodyHeadBracket_o.tif
  artifactKey: Guid(f5a7c47dd638292418733f4f3e58a977) Importer(815301076,1909f56bfc062723c751e8b465ee728b)
Start importing Assets/UnityTechnologies/Adam Character Pack/Adam/Textures/Adam_BloodyHeadBracket_o.tif using Guid(f5a7c47dd638292418733f4f3e58a977) Importer(815301076,1909f56bfc062723c751e8b465ee728b)  -> (artifact id: 'b1fb58ad7be0e8a86114da7195ca27c6') in 0.024393 seconds 
========================================================================
Received Import Request.
  Time since last request: 0.000040 seconds.
  path: Assets/UnityTechnologies/Adam Character Pack/Adam/Textures/Adam_BloodyHeadBracket_smeared_a.tif
  artifactKey: Guid(e1c2b3796639ed44482a21e6834489a3) Importer(815301076,1909f56bfc062723c751e8b465ee728b)
Start importing Assets/UnityTechnologies/Adam Character Pack/Adam/Textures/Adam_BloodyHeadBracket_smeared_a.tif using Guid(e1c2b3796639ed44482a21e6834489a3) Importer(815301076,1909f56bfc062723c751e8b465ee728b)  -> (artifact id: '8863d91703538ae253b75460a69882c6') in 0.026338 seconds 
========================================================================
Received Import Request.
  Time since last request: 0.000026 seconds.
  path: Assets/UnityTechnologies/Adam Character Pack/Adam/Textures/Adam_Arms_o.tif
  artifactKey: Guid(60bf21ffa5e37094197ff298a5c4e290) Importer(815301076,1909f56bfc062723c751e8b465ee728b)
Start importing Assets/UnityTechnologies/Adam Character Pack/Adam/Textures/Adam_Arms_o.tif using Guid(60bf21ffa5e37094197ff298a5c4e290) Importer(815301076,1909f56bfc062723c751e8b465ee728b)  -> (artifact id: '31e063d94be71c0a27463e75ec0301f5') in 0.032754 seconds 
========================================================================
Received Import Request.
  Time since last request: 0.000027 seconds.
  path: Assets/UnityTechnologies/Adam Character Pack/Adam/Materials/Adam_monitors_neck.mat
  artifactKey: Guid(ba3b208d3cc18d045b09b5af1e7925cb) Importer(815301076,1909f56bfc062723c751e8b465ee728b)
Start importing Assets/UnityTechnologies/Adam Character Pack/Adam/Materials/Adam_monitors_neck.mat using Guid(ba3b208d3cc18d045b09b5af1e7925cb) Importer(815301076,1909f56bfc062723c751e8b465ee728b)  -> (artifact id: '17170a30e9bc5c70f294b5791a8a53b4') in 0.033107 seconds 
========================================================================
Received Import Request.
  Time since last request: 0.000035 seconds.
  path: Assets/UnityTechnologies/Adam Character Pack/Adam/Materials/Adam_Mask_metal.mat
  artifactKey: Guid(d7e030a772ae4b742b3aef0b953bdfbb) Importer(815301076,1909f56bfc062723c751e8b465ee728b)
Start importing Assets/UnityTechnologies/Adam Character Pack/Adam/Materials/Adam_Mask_metal.mat using Guid(d7e030a772ae4b742b3aef0b953bdfbb) Importer(815301076,1909f56bfc062723c751e8b465ee728b)  -> (artifact id: '75c49e2937dd18d1a350e66cdbd9b8b2') in 0.026027 seconds 
========================================================================
Received Import Request.
  Time since last request: 0.000029 seconds.
  path: Assets/UnityTechnologies/Adam Character Pack/Adam/Materials/Adam_headbracket_smeared.mat
  artifactKey: Guid(fa9c29d8e0034d443a7a890c98f0d07f) Importer(815301076,1909f56bfc062723c751e8b465ee728b)
Start importing Assets/UnityTechnologies/Adam Character Pack/Adam/Materials/Adam_headbracket_smeared.mat using Guid(fa9c29d8e0034d443a7a890c98f0d07f) Importer(815301076,1909f56bfc062723c751e8b465ee728b)  -> (artifact id: 'c237c3e33700549eac32bd49ba00eba8') in 0.031577 seconds 
========================================================================
Received Import Request.
  Time since last request: 0.000032 seconds.
  path: Assets/UnityTechnologies/Adam Character Pack/Adam/Textures/Adam_Torso_n.tif
  artifactKey: Guid(8d1075427a42dd3408e7ab491fa22903) Importer(815301076,1909f56bfc062723c751e8b465ee728b)
Start importing Assets/UnityTechnologies/Adam Character Pack/Adam/Textures/Adam_Torso_n.tif using Guid(8d1075427a42dd3408e7ab491fa22903) Importer(815301076,1909f56bfc062723c751e8b465ee728b)  -> (artifact id: 'be996a44706ecb9407d7baf8e0912af4') in 0.042905 seconds 
========================================================================
Received Import Request.
  Time since last request: 0.000039 seconds.
  path: Assets/UnityTechnologies/Adam Character Pack/Adam/Textures/Adam_Legs_a.tif
  artifactKey: Guid(7ad125bd94bd44f43b8609557922509b) Importer(815301076,1909f56bfc062723c751e8b465ee728b)
Start importing Assets/UnityTechnologies/Adam Character Pack/Adam/Textures/Adam_Legs_a.tif using Guid(7ad125bd94bd44f43b8609557922509b) Importer(815301076,1909f56bfc062723c751e8b465ee728b)  -> (artifact id: 'ef2a8c894725e33f8af47016fc67c73f') in 0.030988 seconds 
========================================================================
Received Import Request.
  Time since last request: 0.000027 seconds.
  path: Assets/UnityTechnologies/Adam Character Pack/Adam/Materials/Metal.mat
  artifactKey: Guid(a46df87596c05c549b0cc587c6e60a83) Importer(815301076,1909f56bfc062723c751e8b465ee728b)
Start importing Assets/UnityTechnologies/Adam Character Pack/Adam/Materials/Metal.mat using Guid(a46df87596c05c549b0cc587c6e60a83) Importer(815301076,1909f56bfc062723c751e8b465ee728b)  -> (artifact id: 'f012cc133c3fba33c464457a996c68eb') in 0.029188 seconds 
========================================================================
Received Import Request.
  Time since last request: 0.000025 seconds.
  path: Assets/UnityTechnologies/Adam Character Pack/Adam/Textures/Adam_BloodyHeadBracket_n.tif
  artifactKey: Guid(8cad0e50265dd054980cebf13754b879) Importer(815301076,1909f56bfc062723c751e8b465ee728b)
Start importing Assets/UnityTechnologies/Adam Character Pack/Adam/Textures/Adam_BloodyHeadBracket_n.tif using Guid(8cad0e50265dd054980cebf13754b879) Importer(815301076,1909f56bfc062723c751e8b465ee728b)  -> (artifact id: 'f3a87a31e0021225b8115774e4e3b0bc') in 0.029881 seconds 
========================================================================
Received Import Request.
  Time since last request: 0.000029 seconds.
  path: Assets/UnityTechnologies/Adam Character Pack/Adam/Materials/Adam_Arms_plastic.mat
  artifactKey: Guid(a8bea89b2f705cc46925cd7427a523e6) Importer(815301076,1909f56bfc062723c751e8b465ee728b)
Start importing Assets/UnityTechnologies/Adam Character Pack/Adam/Materials/Adam_Arms_plastic.mat using Guid(a8bea89b2f705cc46925cd7427a523e6) Importer(815301076,1909f56bfc062723c751e8b465ee728b)  -> (artifact id: 'b2fcd09a4192d8243a867bc630e5c668') in 0.080943 seconds 
========================================================================
Received Import Request.
  Time since last request: 0.000037 seconds.
  path: Assets/UnityTechnologies/Adam Character Pack/Adam/Materials/Adam_mask.mat
  artifactKey: Guid(baea4cd9e9e3bd84db9a58fdc5ec9ab9) Importer(815301076,1909f56bfc062723c751e8b465ee728b)
Start importing Assets/UnityTechnologies/Adam Character Pack/Adam/Materials/Adam_mask.mat using Guid(baea4cd9e9e3bd84db9a58fdc5ec9ab9) Importer(815301076,1909f56bfc062723c751e8b465ee728b)  -> (artifact id: '41c35975efd904ed944111ac7b976a52') in 0.045191 seconds 
========================================================================
Received Import Request.
  Time since last request: 0.000031 seconds.
  path: Assets/UnityTechnologies/Adam Character Pack/Adam/Materials/Crowd_LOD0_Mat_Limbs.mat
  artifactKey: Guid(714f495f90cbcd24ea889ceea0394fbb) Importer(815301076,1909f56bfc062723c751e8b465ee728b)
Start importing Assets/UnityTechnologies/Adam Character Pack/Adam/Materials/Crowd_LOD0_Mat_Limbs.mat using Guid(714f495f90cbcd24ea889ceea0394fbb) Importer(815301076,1909f56bfc062723c751e8b465ee728b)  -> (artifact id: '4e6a500a5cae0a7ca24899db3d657703') in 0.038342 seconds 
========================================================================
Received Import Request.
  Time since last request: 0.000049 seconds.
  path: Assets/UnityTechnologies/Adam Character Pack/Adam/Textures/Adam_Head_sg.tif
  artifactKey: Guid(e882423fcb64ec242be9354f39c36b3c) Importer(815301076,1909f56bfc062723c751e8b465ee728b)
Start importing Assets/UnityTechnologies/Adam Character Pack/Adam/Textures/Adam_Head_sg.tif using Guid(e882423fcb64ec242be9354f39c36b3c) Importer(815301076,1909f56bfc062723c751e8b465ee728b)  -> (artifact id: '4ea5a3cb2d48bbf70270454210151838') in 0.045015 seconds 
========================================================================
Received Import Request.
  Time since last request: 0.000034 seconds.
  path: Assets/UnityTechnologies/Adam Character Pack/Adam/Textures/Adam_BloodyHeadBracket_SG.tif
  artifactKey: Guid(e6fe73ab230a9934eb3dadddd44f9aba) Importer(815301076,1909f56bfc062723c751e8b465ee728b)
Start importing Assets/UnityTechnologies/Adam Character Pack/Adam/Textures/Adam_BloodyHeadBracket_SG.tif using Guid(e6fe73ab230a9934eb3dadddd44f9aba) Importer(815301076,1909f56bfc062723c751e8b465ee728b)  -> (artifact id: '092be4e17000071d46dbcdbee2d1fd53') in 0.031726 seconds 
========================================================================
Received Import Request.
  Time since last request: 0.000032 seconds.
  path: Assets/UnityTechnologies/Adam Character Pack/Adam/Textures/Adam_Legs_sg.tif
  artifactKey: Guid(a90c6ffc99f2c534b83c17becc5cfcd3) Importer(815301076,1909f56bfc062723c751e8b465ee728b)
Start importing Assets/UnityTechnologies/Adam Character Pack/Adam/Textures/Adam_Legs_sg.tif using Guid(a90c6ffc99f2c534b83c17becc5cfcd3) Importer(815301076,1909f56bfc062723c751e8b465ee728b)  -> (artifact id: '6abe55f5def96f1b8ca17d202af0d672') in 0.045039 seconds 
========================================================================
Received Import Request.
  Time since last request: 0.000024 seconds.
  path: Assets/UnityTechnologies/Adam Character Pack/Adam/Crowd_LOD0.FBX
  artifactKey: Guid(f671e87896ed58c4e972db58101c2d27) Importer(815301076,1909f56bfc062723c751e8b465ee728b)
Start importing Assets/UnityTechnologies/Adam Character Pack/Adam/Crowd_LOD0.FBX using Guid(f671e87896ed58c4e972db58101c2d27) Importer(815301076,1909f56bfc062723c751e8b465ee728b)  -> (artifact id: '86c990ae242372b4880e2144dcbca52e') in 0.113291 seconds 
========================================================================
Received Import Request.
  Time since last request: 0.000043 seconds.
  path: Assets/UnityTechnologies/Adam Character Pack/Adam/Textures/Adam_Legs_n.tif
  artifactKey: Guid(157a58fa64a27f448bca2a40efc50dd8) Importer(815301076,1909f56bfc062723c751e8b465ee728b)
Start importing Assets/UnityTechnologies/Adam Character Pack/Adam/Textures/Adam_Legs_n.tif using Guid(157a58fa64a27f448bca2a40efc50dd8) Importer(815301076,1909f56bfc062723c751e8b465ee728b)  -> (artifact id: '85677beada16de3180f92ad7fb532a01') in 0.049203 seconds 
========================================================================
Received Import Request.
  Time since last request: 0.000050 seconds.
  path: Assets/UnityTechnologies/Adam Character Pack/Adam/Materials/Eye_metal.mat
  artifactKey: Guid(52f83866494c37a4c937a420f6526f97) Importer(815301076,1909f56bfc062723c751e8b465ee728b)
Start importing Assets/UnityTechnologies/Adam Character Pack/Adam/Materials/Eye_metal.mat using Guid(52f83866494c37a4c937a420f6526f97) Importer(815301076,1909f56bfc062723c751e8b465ee728b)  -> (artifact id: '7284eeae4ad8eda30de7a97d8466e7e3') in 0.027914 seconds 
========================================================================
Received Import Request.
  Time since last request: 0.000032 seconds.
  path: Assets/UnityTechnologies/Adam Character Pack/Adam/Materials/Adam_mask_smashed-interior.mat
  artifactKey: Guid(8d138f628304df348a7fcc4ebf511990) Importer(815301076,1909f56bfc062723c751e8b465ee728b)
Start importing Assets/UnityTechnologies/Adam Character Pack/Adam/Materials/Adam_mask_smashed-interior.mat using Guid(8d138f628304df348a7fcc4ebf511990) Importer(815301076,1909f56bfc062723c751e8b465ee728b)  -> (artifact id: '225d0298b45e08dce64bf8715300f9c8') in 0.041174 seconds 
========================================================================
Received Prepare
Registering precompiled user dll's ...
Registered in 0.012431 seconds.
